<?xml version="1.0" encoding="UTF-8"?>
<!-- Generated by org.testng.reporters.JUnitReportReporter -->
<testsuite hostname="Gopinath-Jayakumar" name="testCases.TC002_EditLead" tests="1" failures="0" timestamp="8 Sep 2017 14:07:55 GMT" time="64.392" errors="0">
  <testcase name="loginLogOut" time="64.392" classname="testCases.TC002_EditLead"/>
</testsuite> <!-- testCases.TC002_EditLead -->
