<?xml version="1.0" encoding="UTF-8"?>
<!-- Generated by org.testng.reporters.JUnitReportReporter -->
<testsuite hostname="saranyass" name="testCases.TC001_CentralInwardProcess" tests="1" failures="0" timestamp="28 Sep 2020 07:53:30 GMT" time="27.696" errors="0">
  <testcase name="Login" time="27.696" classname="testCases.TC001_CentralInwardProcess"/>
</testsuite> <!-- testCases.TC001_CentralInwardProcess -->
