<?xml version="1.0" encoding="UTF-8"?>
<!-- Generated by org.testng.reporters.JUnitReportReporter -->
<testsuite hostname="Gopinath-Jayakumar" name="testCases.TC003_DeleteLead" tests="1" failures="0" timestamp="9 Sep 2017 00:36:32 GMT" time="73.316" errors="0">
  <testcase name="loginLogOut" time="73.316" classname="testCases.TC003_DeleteLead"/>
</testsuite> <!-- testCases.TC003_DeleteLead -->
