<?xml version="1.0" encoding="UTF-8"?>
<!-- Generated by org.testng.reporters.JUnitReportReporter -->
<testsuite hostname="saranyass" name="testCases.TC001_CentralInwardProcess_AddPackage" tests="1" failures="0" timestamp="11 Nov 2020 12:14:43 GMT" time="163.991" errors="0">
  <testcase name="Login" time="163.991" classname="testCases.TC001_CentralInwardProcess_AddPackage"/>
</testsuite> <!-- testCases.TC001_CentralInwardProcess_AddPackage -->
