<?xml version="1.0" encoding="UTF-8"?>
<!-- Generated by org.testng.reporters.JUnitReportReporter -->
<testsuite hostname="saranyass" name="testCases.TC004_CentralInwardProcess_Download" tests="1" failures="0" timestamp="16 Oct 2020 06:08:58 GMT" time="112.091" errors="0">
  <testcase name="Login" time="112.091" classname="testCases.TC004_CentralInwardProcess_Download"/>
</testsuite> <!-- testCases.TC004_CentralInwardProcess_Download -->
