<?xml version="1.0" encoding="UTF-8"?>
<!-- Generated by org.testng.reporters.JUnitReportReporter -->
<testsuite skipped="0" hostname="ssplmeeting1" name="testCases.TC002_Login_nagative" tests="4" failures="0" timestamp="17 Nov 2017 07:13:52 GMT" time="36.513" errors="0">
  <testcase name="login" time="9.882" classname="testCases.TC002_Login_nagative"/>
  <testcase name="login" time="8.242" classname="testCases.TC002_Login_nagative"/>
  <testcase name="login" time="8.183" classname="testCases.TC002_Login_nagative"/>
  <testcase name="login" time="10.206" classname="testCases.TC002_Login_nagative"/>
</testsuite> <!-- testCases.TC002_Login_nagative -->
