<?xml version="1.0" encoding="UTF-8"?>
<!-- Generated by org.testng.reporters.JUnitReportReporter -->
<testsuite hostname="saranyass" name="testCases.TC002_Mf360Login" tests="1" failures="0" timestamp="20 Nov 2017 06:05:04 GMT" time="13.435" errors="0">
  <testcase name="mf360Login" time="13.435" classname="testCases.TC002_Mf360Login"/>
</testsuite> <!-- testCases.TC002_Mf360Login -->
