<?xml version="1.0" encoding="UTF-8"?>
<!-- Generated by org.testng.reporters.JUnitReportReporter -->
<testsuite hostname="DESKTOP-EJS455P" name="testCases.TC001_CreateLead" tests="1" failures="0" timestamp="17 Nov 2017 03:57:54 GMT" time="29.799" errors="0">
  <testcase name="loginLogOut" time="29.799" classname="testCases.TC001_CreateLead"/>
</testsuite> <!-- testCases.TC001_CreateLead -->
