<?xml version="1.0" encoding="UTF-8"?>
<!-- Generated by org.testng.reporters.JUnitReportReporter -->
<testsuite hostname="saranyass" name="testCases.TC001_Mf360Login" tests="1" failures="1" timestamp="20 Nov 2017 07:13:01 GMT" time="9771.897" errors="0">
  <testcase name="mf360Login" time="9771.897" classname="testCases.TC001_Mf360Login">
    <failure type="java.lang.StackOverflowError">
      <![CDATA[java.lang.StackOverflowError
	at java.security.AccessController.doPrivileged(Native Method)
	at java.net.URLClassLoader.findClass(Unknown Source)
	at java.lang.ClassLoader.loadClass(Unknown Source)
	at java.lang.ClassLoader.loadClass(Unknown Source)
	at sun.misc.Launcher$AppClassLoader.loadClass(Unknown Source)
	at java.lang.ClassLoader.loadClass(Unknown Source)
	at org.openqa.selenium.remote.service.DriverCommandExecutor.execute(DriverCommandExecutor.java:84)
	at org.openqa.selenium.remote.RemoteWebDriver.execute(RemoteWebDriver.java:637)
	at org.openqa.selenium.remote.RemoteWebDriver.execute(RemoteWebDriver.java:694)
	at org.openqa.selenium.remote.RemoteWebDriver.getScreenshotAs(RemoteWebDriver.java:382)
	at wrappers.GenericWrappers.takeSnap(GenericWrappers.java:566)
	at utils.Reporter.reportStep(Reporter.java:20)
	at wrappers.GenericWrappers.takeSnap(GenericWrappers.java:568)
	at utils.Reporter.reportStep(Reporter.java:20)
	at wrappers.GenericWrappers.takeSnap(GenericWrappers.java:568)
	at utils.Reporter.reportStep(Reporter.java:20)
	at wrappers.GenericWrappers.takeSnap(GenericWrappers.java:568)
	at utils.Reporter.reportStep(Reporter.java:20)
	at wrappers.GenericWrappers.takeSnap(GenericWrappers.java:568)
	at utils.Reporter.reportStep(Reporter.java:20)
	at wrappers.GenericWrappers.takeSnap(GenericWrappers.java:568)
	at utils.Reporter.reportStep(Reporter.java:20)
	at wrappers.GenericWrappers.takeSnap(GenericWrappers.java:568)
	at utils.Reporter.reportStep(Reporter.java:20)
	at wrappers.GenericWrappers.takeSnap(GenericWrappers.java:568)
	at utils.Reporter.reportStep(Reporter.java:20)
	at wrappers.GenericWrappers.takeSnap(GenericWrappers.java:568)
	at utils.Reporter.reportStep(Reporter.java:20)
	at wrappers.GenericWrappers.takeSnap(GenericWrappers.java:568)
	at utils.Reporter.reportStep(Reporter.java:20)
	at wrappers.GenericWrappers.takeSnap(GenericWrappers.java:568)
	at utils.Reporter.reportStep(Reporter.java:20)
	at wrappers.GenericWrappers.takeSnap(GenericWrappers.java:568)
	at utils.Reporter.reportStep(Reporter.java:20)
	at wrappers.GenericWrappers.takeSnap(GenericWrappers.java:568)
	at utils.Reporter.reportStep(Reporter.java:20)
	at wrappers.GenericWrappers.takeSnap(GenericWrappers.java:568)
	at utils.Reporter.reportStep(Reporter.java:20)
	at wrappers.GenericWrappers.takeSnap(GenericWrappers.java:568)
	at utils.Reporter.reportStep(Reporter.java:20)
	at wrappers.GenericWrappers.takeSnap(GenericWrappers.java:568)
	at utils.Reporter.reportStep(Reporter.java:20)
	at wrappers.GenericWrappers.takeSnap(GenericWrappers.java:568)
	at utils.Reporter.reportStep(Reporter.java:20)
	at wrappers.GenericWrappers.takeSnap(GenericWrappers.java:568)
	at utils.Reporter.reportStep(Reporter.java:20)
	at wrappers.GenericWrappers.takeSnap(GenericWrappers.java:568)
	at utils.Reporter.reportStep(Reporter.java:20)
	at wrappers.GenericWrappers.takeSnap(GenericWrappers.java:568)
	at utils.Reporter.reportStep(Reporter.java:20)
	at wrappers.GenericWrappers.takeSnap(GenericWrappers.java:568)
	at utils.Reporter.reportStep(Reporter.java:20)
	at wrappers.GenericWrappers.takeSnap(GenericWrappers.java:568)
	at utils.Reporter.reportStep(Reporter.java:20)
	at wrappers.GenericWrappers.takeSnap(GenericWrappers.java:568)
	at utils.Reporter.reportStep(Reporter.java:20)
	at wrappers.GenericWrappers.takeSnap(GenericWrappers.java:568)
	at utils.Reporter.reportStep(Reporter.java:20)
	at wrappers.GenericWrappers.takeSnap(GenericWrappers.java:568)
	at utils.Reporter.reportStep(Reporter.java:20)
	at wrappers.GenericWrappers.takeSnap(GenericWrappers.java:568)
	at utils.Reporter.reportStep(Reporter.java:20)
	at wrappers.GenericWrappers.takeSnap(GenericWrappers.java:568)
	at utils.Reporter.reportStep(Reporter.java:20)
	at wrappers.GenericWrappers.takeSnap(GenericWrappers.java:568)
	at utils.Reporter.reportStep(Reporter.java:20)
	at wrappers.GenericWrappers.takeSnap(GenericWrappers.java:568)
	at utils.Reporter.reportStep(Reporter.java:20)
	at wrappers.GenericWrappers.takeSnap(GenericWrappers.java:568)
	at utils.Reporter.reportStep(Reporter.java:20)
	at wrappers.GenericWrappers.takeSnap(GenericWrappers.java:568)
	at utils.Reporter.reportStep(Reporter.java:20)
	at wrappers.GenericWrappers.takeSnap(GenericWrappers.java:568)
	at utils.Reporter.reportStep(Reporter.java:20)
	at wrappers.GenericWrappers.takeSnap(GenericWrappers.java:568)
	at utils.Reporter.reportStep(Reporter.java:20)
	at wrappers.GenericWrappers.takeSnap(GenericWrappers.java:568)
	at utils.Reporter.reportStep(Reporter.java:20)
	at wrappers.GenericWrappers.takeSnap(GenericWrappers.java:568)
	at utils.Reporter.reportStep(Reporter.java:20)
	at wrappers.GenericWrappers.takeSnap(GenericWrappers.java:568)
	at utils.Reporter.reportStep(Reporter.java:20)
	at wrappers.GenericWrappers.takeSnap(GenericWrappers.java:568)
	at utils.Reporter.reportStep(Reporter.java:20)
	at wrappers.GenericWrappers.takeSnap(GenericWrappers.java:568)
	at utils.Reporter.reportStep(Reporter.java:20)
	at wrappers.GenericWrappers.takeSnap(GenericWrappers.java:568)
	at utils.Reporter.reportStep(Reporter.java:20)
	at wrappers.GenericWrappers.takeSnap(GenericWrappers.java:568)
	at utils.Reporter.reportStep(Reporter.java:20)
	at wrappers.GenericWrappers.takeSnap(GenericWrappers.java:568)
	at utils.Reporter.reportStep(Reporter.java:20)
	at wrappers.GenericWrappers.takeSnap(GenericWrappers.java:568)
	at utils.Reporter.reportStep(Reporter.java:20)
	at wrappers.GenericWrappers.takeSnap(GenericWrappers.java:568)
	at utils.Reporter.reportStep(Reporter.java:20)
	at wrappers.GenericWrappers.takeSnap(GenericWrappers.java:568)
	at utils.Reporter.reportStep(Reporter.java:20)
	at wrappers.GenericWrappers.takeSnap(GenericWrappers.java:568)
	at utils.Reporter.reportStep(Reporter.java:20)
	at wrappers.GenericWrappers.takeSnap(GenericWrappers.java:568)
	at utils.Reporter.reportStep(Reporter.java:20)
	at wrappers.GenericWrappers.takeSnap(GenericWrappers.java:568)
	at utils.Reporter.reportStep(Reporter.java:20)
	at wrappers.GenericWrappers.takeSnap(GenericWrappers.java:568)
	at utils.Reporter.reportStep(Reporter.java:20)
	at wrappers.GenericWrappers.takeSnap(GenericWrappers.java:568)
	at utils.Reporter.reportStep(Reporter.java:20)
	at wrappers.GenericWrappers.takeSnap(GenericWrappers.java:568)
	at utils.Reporter.reportStep(Reporter.java:20)
	at wrappers.GenericWrappers.takeSnap(GenericWrappers.java:568)
	at utils.Reporter.reportStep(Reporter.java:20)
	at wrappers.GenericWrappers.takeSnap(GenericWrappers.java:568)
	at utils.Reporter.reportStep(Reporter.java:20)
	at wrappers.GenericWrappers.takeSnap(GenericWrappers.java:568)
	at utils.Reporter.reportStep(Reporter.java:20)
	at wrappers.GenericWrappers.takeSnap(GenericWrappers.java:568)
	at utils.Reporter.reportStep(Reporter.java:20)
	at wrappers.GenericWrappers.takeSnap(GenericWrappers.java:568)
	at utils.Reporter.reportStep(Reporter.java:20)
	at wrappers.GenericWrappers.takeSnap(GenericWrappers.java:568)
	at utils.Reporter.reportStep(Reporter.java:20)
	at wrappers.GenericWrappers.takeSnap(GenericWrappers.java:568)
	at utils.Reporter.reportStep(Reporter.java:20)
	at wrappers.GenericWrappers.takeSnap(GenericWrappers.java:568)
	at utils.Reporter.reportStep(Reporter.java:20)
	at wrappers.GenericWrappers.takeSnap(GenericWrappers.java:568)
	at utils.Reporter.reportStep(Reporter.java:20)
	at wrappers.GenericWrappers.takeSnap(GenericWrappers.java:568)
	at utils.Reporter.reportStep(Reporter.java:20)
	at wrappers.GenericWrappers.takeSnap(GenericWrappers.java:568)
	at utils.Reporter.reportStep(Reporter.java:20)
	at wrappers.GenericWrappers.takeSnap(GenericWrappers.java:568)
	at utils.Reporter.reportStep(Reporter.java:20)
	at wrappers.GenericWrappers.takeSnap(GenericWrappers.java:568)
	at utils.Reporter.reportStep(Reporter.java:20)
	at wrappers.GenericWrappers.takeSnap(GenericWrappers.java:568)
	at utils.Reporter.reportStep(Reporter.java:20)
	at wrappers.GenericWrappers.takeSnap(GenericWrappers.java:568)
	at utils.Reporter.reportStep(Reporter.java:20)
	at wrappers.GenericWrappers.takeSnap(GenericWrappers.java:568)
	at utils.Reporter.reportStep(Reporter.java:20)
	at wrappers.GenericWrappers.takeSnap(GenericWrappers.java:568)
	at utils.Reporter.reportStep(Reporter.java:20)
	at wrappers.GenericWrappers.takeSnap(GenericWrappers.java:568)
	at utils.Reporter.reportStep(Reporter.java:20)
	at wrappers.GenericWrappers.takeSnap(GenericWrappers.java:568)
	at utils.Reporter.reportStep(Reporter.java:20)
	at wrappers.GenericWrappers.takeSnap(GenericWrappers.java:568)
	at utils.Reporter.reportStep(Reporter.java:20)
	at wrappers.GenericWrappers.takeSnap(GenericWrappers.java:568)
	at utils.Reporter.reportStep(Reporter.java:20)
	at wrappers.GenericWrappers.takeSnap(GenericWrappers.java:568)
	at utils.Reporter.reportStep(Reporter.java:20)
	at wrappers.GenericWrappers.takeSnap(GenericWrappers.java:568)
	at utils.Reporter.reportStep(Reporter.java:20)
	at wrappers.GenericWrappers.takeSnap(GenericWrappers.java:568)
	at utils.Reporter.reportStep(Reporter.java:20)
	at wrappers.GenericWrappers.takeSnap(GenericWrappers.java:568)
	at utils.Reporter.reportStep(Reporter.java:20)
	at wrappers.GenericWrappers.takeSnap(GenericWrappers.java:568)
	at utils.Reporter.reportStep(Reporter.java:20)
	at wrappers.GenericWrappers.takeSnap(GenericWrappers.java:568)
	at utils.Reporter.reportStep(Reporter.java:20)
	at wrappers.GenericWrappers.takeSnap(GenericWrappers.java:568)
	at utils.Reporter.reportStep(Reporter.java:20)
	at wrappers.GenericWrappers.takeSnap(GenericWrappers.java:568)
	at utils.Reporter.reportStep(Reporter.java:20)
	at wrappers.GenericWrappers.takeSnap(GenericWrappers.java:568)
	at utils.Reporter.reportStep(Reporter.java:20)
	at wrappers.GenericWrappers.takeSnap(GenericWrappers.java:568)
	at utils.Reporter.reportStep(Reporter.java:20)
	at wrappers.GenericWrappers.takeSnap(GenericWrappers.java:568)
	at utils.Reporter.reportStep(Reporter.java:20)
	at wrappers.GenericWrappers.takeSnap(GenericWrappers.java:568)
	at utils.Reporter.reportStep(Reporter.java:20)
	at wrappers.GenericWrappers.takeSnap(GenericWrappers.java:568)
	at utils.Reporter.reportStep(Reporter.java:20)
	at wrappers.GenericWrappers.takeSnap(GenericWrappers.java:568)
	at utils.Reporter.reportStep(Reporter.java:20)
	at wrappers.GenericWrappers.takeSnap(GenericWrappers.java:568)
	at utils.Reporter.reportStep(Reporter.java:20)
	at wrappers.GenericWrappers.takeSnap(GenericWrappers.java:568)
	at utils.Reporter.reportStep(Reporter.java:20)
	at wrappers.GenericWrappers.takeSnap(GenericWrappers.java:568)
	at utils.Reporter.reportStep(Reporter.java:20)
	at wrappers.GenericWrappers.takeSnap(GenericWrappers.java:568)
	at utils.Reporter.reportStep(Reporter.java:20)
	at wrappers.GenericWrappers.takeSnap(GenericWrappers.java:568)
	at utils.Reporter.reportStep(Reporter.java:20)
	at wrappers.GenericWrappers.takeSnap(GenericWrappers.java:568)
	at utils.Reporter.reportStep(Reporter.java:20)
	at wrappers.GenericWrappers.takeSnap(GenericWrappers.java:568)
	at utils.Reporter.reportStep(Reporter.java:20)
	at wrappers.GenericWrappers.takeSnap(GenericWrappers.java:568)
	at utils.Reporter.reportStep(Reporter.java:20)
	at wrappers.GenericWrappers.takeSnap(GenericWrappers.java:568)
	at utils.Reporter.reportStep(Reporter.java:20)
	at wrappers.GenericWrappers.takeSnap(GenericWrappers.java:568)
	at utils.Reporter.reportStep(Reporter.java:20)
	at wrappers.GenericWrappers.takeSnap(GenericWrappers.java:568)
	at utils.Reporter.reportStep(Reporter.java:20)
	at wrappers.GenericWrappers.takeSnap(GenericWrappers.java:568)
	at utils.Reporter.reportStep(Reporter.java:20)
	at wrappers.GenericWrappers.takeSnap(GenericWrappers.java:568)
	at utils.Reporter.reportStep(Reporter.java:20)
	at wrappers.GenericWrappers.takeSnap(GenericWrappers.java:568)
	at utils.Reporter.reportStep(Reporter.java:20)
	at wrappers.GenericWrappers.takeSnap(GenericWrappers.java:568)
	at utils.Reporter.reportStep(Reporter.java:20)
	at wrappers.GenericWrappers.takeSnap(GenericWrappers.java:568)
	at utils.Reporter.reportStep(Reporter.java:20)
	at wrappers.GenericWrappers.takeSnap(GenericWrappers.java:568)
	at utils.Reporter.reportStep(Reporter.java:20)
	at wrappers.GenericWrappers.takeSnap(GenericWrappers.java:568)
	at utils.Reporter.reportStep(Reporter.java:20)
	at wrappers.GenericWrappers.takeSnap(GenericWrappers.java:568)
	at utils.Reporter.reportStep(Reporter.java:20)
	at wrappers.GenericWrappers.takeSnap(GenericWrappers.java:568)
	at utils.Reporter.reportStep(Reporter.java:20)
	at wrappers.GenericWrappers.takeSnap(GenericWrappers.java:568)
	at utils.Reporter.reportStep(Reporter.java:20)
	at wrappers.GenericWrappers.takeSnap(GenericWrappers.java:568)
	at utils.Reporter.reportStep(Reporter.java:20)
	at wrappers.GenericWrappers.takeSnap(GenericWrappers.java:568)
	at utils.Reporter.reportStep(Reporter.java:20)
	at wrappers.GenericWrappers.takeSnap(GenericWrappers.java:568)
	at utils.Reporter.reportStep(Reporter.java:20)
	at wrappers.GenericWrappers.takeSnap(GenericWrappers.java:568)
	at utils.Reporter.reportStep(Reporter.java:20)
	at wrappers.GenericWrappers.takeSnap(GenericWrappers.java:568)
	at utils.Reporter.reportStep(Reporter.java:20)
	at wrappers.GenericWrappers.takeSnap(GenericWrappers.java:568)
	at utils.Reporter.reportStep(Reporter.java:20)
	at wrappers.GenericWrappers.takeSnap(GenericWrappers.java:568)
	at utils.Reporter.reportStep(Reporter.java:20)
	at wrappers.GenericWrappers.takeSnap(GenericWrappers.java:568)
	at utils.Reporter.reportStep(Reporter.java:20)
	at wrappers.GenericWrappers.takeSnap(GenericWrappers.java:568)
	at utils.Reporter.reportStep(Reporter.java:20)
	at wrappers.GenericWrappers.takeSnap(GenericWrappers.java:568)
	at utils.Reporter.reportStep(Reporter.java:20)
	at wrappers.GenericWrappers.takeSnap(GenericWrappers.java:568)
	at utils.Reporter.reportStep(Reporter.java:20)
	at wrappers.GenericWrappers.takeSnap(GenericWrappers.java:568)
	at utils.Reporter.reportStep(Reporter.java:20)
	at wrappers.GenericWrappers.takeSnap(GenericWrappers.java:568)
	at utils.Reporter.reportStep(Reporter.java:20)
	at wrappers.GenericWrappers.takeSnap(GenericWrappers.java:568)
	at utils.Reporter.reportStep(Reporter.java:20)
	at wrappers.GenericWrappers.takeSnap(GenericWrappers.java:568)
	at utils.Reporter.reportStep(Reporter.java:20)
	at wrappers.GenericWrappers.takeSnap(GenericWrappers.java:568)
	at utils.Reporter.reportStep(Reporter.java:20)
	at wrappers.GenericWrappers.takeSnap(GenericWrappers.java:568)
	at utils.Reporter.reportStep(Reporter.java:20)
	at wrappers.GenericWrappers.takeSnap(GenericWrappers.java:568)
	at utils.Reporter.reportStep(Reporter.java:20)
	at wrappers.GenericWrappers.takeSnap(GenericWrappers.java:568)
	at utils.Reporter.reportStep(Reporter.java:20)
	at wrappers.GenericWrappers.takeSnap(GenericWrappers.java:568)
	at utils.Reporter.reportStep(Reporter.java:20)
	at wrappers.GenericWrappers.takeSnap(GenericWrappers.java:568)
	at utils.Reporter.reportStep(Reporter.java:20)
	at wrappers.GenericWrappers.takeSnap(GenericWrappers.java:568)
	at utils.Reporter.reportStep(Reporter.java:20)
	at wrappers.GenericWrappers.takeSnap(GenericWrappers.java:568)
	at utils.Reporter.reportStep(Reporter.java:20)
	at wrappers.GenericWrappers.takeSnap(GenericWrappers.java:568)
	at utils.Reporter.reportStep(Reporter.java:20)
	at wrappers.GenericWrappers.takeSnap(GenericWrappers.java:568)
	at utils.Reporter.reportStep(Reporter.java:20)
	at wrappers.GenericWrappers.takeSnap(GenericWrappers.java:568)
	at utils.Reporter.reportStep(Reporter.java:20)
	at wrappers.GenericWrappers.takeSnap(GenericWrappers.java:568)
	at utils.Reporter.reportStep(Reporter.java:20)
	at wrappers.GenericWrappers.takeSnap(GenericWrappers.java:568)
	at utils.Reporter.reportStep(Reporter.java:20)
	at wrappers.GenericWrappers.takeSnap(GenericWrappers.java:568)
	at utils.Reporter.reportStep(Reporter.java:20)
	at wrappers.GenericWrappers.takeSnap(GenericWrappers.java:568)
	at utils.Reporter.reportStep(Reporter.java:20)
	at wrappers.GenericWrappers.takeSnap(GenericWrappers.java:568)
	at utils.Reporter.reportStep(Reporter.java:20)
	at wrappers.GenericWrappers.takeSnap(GenericWrappers.java:568)
	at utils.Reporter.reportStep(Reporter.java:20)
	at wrappers.GenericWrappers.takeSnap(GenericWrappers.java:568)
	at utils.Reporter.reportStep(Reporter.java:20)
	at wrappers.GenericWrappers.takeSnap(GenericWrappers.java:568)
	at utils.Reporter.reportStep(Reporter.java:20)
	at wrappers.GenericWrappers.takeSnap(GenericWrappers.java:568)
	at utils.Reporter.reportStep(Reporter.java:20)
	at wrappers.GenericWrappers.takeSnap(GenericWrappers.java:568)
	at utils.Reporter.reportStep(Reporter.java:20)
	at wrappers.GenericWrappers.takeSnap(GenericWrappers.java:568)
	at utils.Reporter.reportStep(Reporter.java:20)
	at wrappers.GenericWrappers.takeSnap(GenericWrappers.java:568)
	at utils.Reporter.reportStep(Reporter.java:20)
	at wrappers.GenericWrappers.takeSnap(GenericWrappers.java:568)
	at utils.Reporter.reportStep(Reporter.java:20)
	at wrappers.GenericWrappers.takeSnap(GenericWrappers.java:568)
	at utils.Reporter.reportStep(Reporter.java:20)
	at wrappers.GenericWrappers.takeSnap(GenericWrappers.java:568)
	at utils.Reporter.reportStep(Reporter.java:20)
	at wrappers.GenericWrappers.takeSnap(GenericWrappers.java:568)
	at utils.Reporter.reportStep(Reporter.java:20)
	at wrappers.GenericWrappers.takeSnap(GenericWrappers.java:568)
	at utils.Reporter.reportStep(Reporter.java:20)
	at wrappers.GenericWrappers.takeSnap(GenericWrappers.java:568)
	at utils.Reporter.reportStep(Reporter.java:20)
	at wrappers.GenericWrappers.takeSnap(GenericWrappers.java:568)
	at utils.Reporter.reportStep(Reporter.java:20)
	at wrappers.GenericWrappers.takeSnap(GenericWrappers.java:568)
	at utils.Reporter.reportStep(Reporter.java:20)
	at wrappers.GenericWrappers.takeSnap(GenericWrappers.java:568)
	at utils.Reporter.reportStep(Reporter.java:20)
	at wrappers.GenericWrappers.takeSnap(GenericWrappers.java:568)
	at utils.Reporter.reportStep(Reporter.java:20)
	at wrappers.GenericWrappers.takeSnap(GenericWrappers.java:568)
	at utils.Reporter.reportStep(Reporter.java:20)
	at wrappers.GenericWrappers.takeSnap(GenericWrappers.java:568)
	at utils.Reporter.reportStep(Reporter.java:20)
	at wrappers.GenericWrappers.takeSnap(GenericWrappers.java:568)
	at utils.Reporter.reportStep(Reporter.java:20)
	at wrappers.GenericWrappers.takeSnap(GenericWrappers.java:568)
	at utils.Reporter.reportStep(Reporter.java:20)
	at wrappers.GenericWrappers.takeSnap(GenericWrappers.java:568)
	at utils.Reporter.reportStep(Reporter.java:20)
	at wrappers.GenericWrappers.takeSnap(GenericWrappers.java:568)
	at utils.Reporter.reportStep(Reporter.java:20)
	at wrappers.GenericWrappers.takeSnap(GenericWrappers.java:568)
	at utils.Reporter.reportStep(Reporter.java:20)
	at wrappers.GenericWrappers.takeSnap(GenericWrappers.java:568)
	at utils.Reporter.reportStep(Reporter.java:20)
	at wrappers.GenericWrappers.takeSnap(GenericWrappers.java:568)
	at utils.Reporter.reportStep(Reporter.java:20)
	at wrappers.GenericWrappers.takeSnap(GenericWrappers.java:568)
	at utils.Reporter.reportStep(Reporter.java:20)
	at wrappers.GenericWrappers.takeSnap(GenericWrappers.java:568)
	at utils.Reporter.reportStep(Reporter.java:20)
	at wrappers.GenericWrappers.takeSnap(GenericWrappers.java:568)
	at utils.Reporter.reportStep(Reporter.java:20)
	at wrappers.GenericWrappers.takeSnap(GenericWrappers.java:568)
	at utils.Reporter.reportStep(Reporter.java:20)
	at wrappers.GenericWrappers.takeSnap(GenericWrappers.java:568)
	at utils.Reporter.reportStep(Reporter.java:20)
	at wrappers.GenericWrappers.takeSnap(GenericWrappers.java:568)
	at utils.Reporter.reportStep(Reporter.java:20)
	at wrappers.GenericWrappers.takeSnap(GenericWrappers.java:568)
	at utils.Reporter.reportStep(Reporter.java:20)
	at wrappers.GenericWrappers.takeSnap(GenericWrappers.java:568)
	at utils.Reporter.reportStep(Reporter.java:20)
	at wrappers.GenericWrappers.takeSnap(GenericWrappers.java:568)
	at utils.Reporter.reportStep(Reporter.java:20)
	at wrappers.GenericWrappers.takeSnap(GenericWrappers.java:568)
	at utils.Reporter.reportStep(Reporter.java:20)
	at wrappers.GenericWrappers.takeSnap(GenericWrappers.java:568)
	at utils.Reporter.reportStep(Reporter.java:20)
	at wrappers.GenericWrappers.takeSnap(GenericWrappers.java:568)
	at utils.Reporter.reportStep(Reporter.java:20)
	at wrappers.GenericWrappers.takeSnap(GenericWrappers.java:568)
	at utils.Reporter.reportStep(Reporter.java:20)
	at wrappers.GenericWrappers.takeSnap(GenericWrappers.java:568)
	at utils.Reporter.reportStep(Reporter.java:20)
	at wrappers.GenericWrappers.takeSnap(GenericWrappers.java:568)
	at utils.Reporter.reportStep(Reporter.java:20)
	at wrappers.GenericWrappers.takeSnap(GenericWrappers.java:568)
	at utils.Reporter.reportStep(Reporter.java:20)
	at wrappers.GenericWrappers.takeSnap(GenericWrappers.java:568)
	at utils.Reporter.reportStep(Reporter.java:20)
	at wrappers.GenericWrappers.takeSnap(GenericWrappers.java:568)
	at utils.Reporter.reportStep(Reporter.java:20)
	at wrappers.GenericWrappers.takeSnap(GenericWrappers.java:568)
	at utils.Reporter.reportStep(Reporter.java:20)
	at wrappers.GenericWrappers.takeSnap(GenericWrappers.java:568)
	at utils.Reporter.reportStep(Reporter.java:20)
	at wrappers.GenericWrappers.takeSnap(GenericWrappers.java:568)
	at utils.Reporter.reportStep(Reporter.java:20)
	at wrappers.GenericWrappers.takeSnap(GenericWrappers.java:568)
	at utils.Reporter.reportStep(Reporter.java:20)
	at wrappers.GenericWrappers.takeSnap(GenericWrappers.java:568)
	at utils.Reporter.reportStep(Reporter.java:20)
	at wrappers.GenericWrappers.takeSnap(GenericWrappers.java:568)
	at utils.Reporter.reportStep(Reporter.java:20)
	at wrappers.GenericWrappers.takeSnap(GenericWrappers.java:568)
	at utils.Reporter.reportStep(Reporter.java:20)
	at wrappers.GenericWrappers.takeSnap(GenericWrappers.java:568)
	at utils.Reporter.reportStep(Reporter.java:20)
	at wrappers.GenericWrappers.takeSnap(GenericWrappers.java:568)
	at utils.Reporter.reportStep(Reporter.java:20)
	at wrappers.GenericWrappers.takeSnap(GenericWrappers.java:568)
	at utils.Reporter.reportStep(Reporter.java:20)
	at wrappers.GenericWrappers.takeSnap(GenericWrappers.java:568)
	at utils.Reporter.reportStep(Reporter.java:20)
	at wrappers.GenericWrappers.takeSnap(GenericWrappers.java:568)
	at utils.Reporter.reportStep(Reporter.java:20)
	at wrappers.GenericWrappers.takeSnap(GenericWrappers.java:568)
	at utils.Reporter.reportStep(Reporter.java:20)
	at wrappers.GenericWrappers.takeSnap(GenericWrappers.java:568)
	at utils.Reporter.reportStep(Reporter.java:20)
	at wrappers.GenericWrappers.takeSnap(GenericWrappers.java:568)
	at utils.Reporter.reportStep(Reporter.java:20)
	at wrappers.GenericWrappers.takeSnap(GenericWrappers.java:568)
	at utils.Reporter.reportStep(Reporter.java:20)
	at wrappers.GenericWrappers.takeSnap(GenericWrappers.java:568)
	at utils.Reporter.reportStep(Reporter.java:20)
	at wrappers.GenericWrappers.takeSnap(GenericWrappers.java:568)
	at utils.Reporter.reportStep(Reporter.java:20)
	at wrappers.GenericWrappers.takeSnap(GenericWrappers.java:568)
	at utils.Reporter.reportStep(Reporter.java:20)
	at wrappers.GenericWrappers.takeSnap(GenericWrappers.java:568)
	at utils.Reporter.reportStep(Reporter.java:20)
	at wrappers.GenericWrappers.takeSnap(GenericWrappers.java:568)
	at utils.Reporter.reportStep(Reporter.java:20)
	at wrappers.GenericWrappers.takeSnap(GenericWrappers.java:568)
	at utils.Reporter.reportStep(Reporter.java:20)
	at wrappers.GenericWrappers.takeSnap(GenericWrappers.java:568)
	at utils.Reporter.reportStep(Reporter.java:20)
	at wrappers.GenericWrappers.takeSnap(GenericWrappers.java:568)
	at utils.Reporter.reportStep(Reporter.java:20)
	at wrappers.GenericWrappers.takeSnap(GenericWrappers.java:568)
	at utils.Reporter.reportStep(Reporter.java:20)
	at wrappers.GenericWrappers.takeSnap(GenericWrappers.java:568)
	at utils.Reporter.reportStep(Reporter.java:20)
	at wrappers.GenericWrappers.takeSnap(GenericWrappers.java:568)
	at utils.Reporter.reportStep(Reporter.java:20)
	at wrappers.GenericWrappers.takeSnap(GenericWrappers.java:568)
	at utils.Reporter.reportStep(Reporter.java:20)
	at wrappers.GenericWrappers.takeSnap(GenericWrappers.java:568)
	at utils.Reporter.reportStep(Reporter.java:20)
	at wrappers.GenericWrappers.takeSnap(GenericWrappers.java:568)
	at utils.Reporter.reportStep(Reporter.java:20)
	at wrappers.GenericWrappers.takeSnap(GenericWrappers.java:568)
	at utils.Reporter.reportStep(Reporter.java:20)
	at wrappers.GenericWrappers.takeSnap(GenericWrappers.java:568)
	at utils.Reporter.reportStep(Reporter.java:20)
	at wrappers.GenericWrappers.takeSnap(GenericWrappers.java:568)
	at utils.Reporter.reportStep(Reporter.java:20)
	at wrappers.GenericWrappers.takeSnap(GenericWrappers.java:568)
	at utils.Reporter.reportStep(Reporter.java:20)
	at wrappers.GenericWrappers.takeSnap(GenericWrappers.java:568)
	at utils.Reporter.reportStep(Reporter.java:20)
	at wrappers.GenericWrappers.takeSnap(GenericWrappers.java:568)
	at utils.Reporter.reportStep(Reporter.java:20)
	at wrappers.GenericWrappers.takeSnap(GenericWrappers.java:568)
	at utils.Reporter.reportStep(Reporter.java:20)
	at wrappers.GenericWrappers.takeSnap(GenericWrappers.java:568)
	at utils.Reporter.reportStep(Reporter.java:20)
	at wrappers.GenericWrappers.takeSnap(GenericWrappers.java:568)
	at utils.Reporter.reportStep(Reporter.java:20)
	at wrappers.GenericWrappers.takeSnap(GenericWrappers.java:568)
	at utils.Reporter.reportStep(Reporter.java:20)
	at wrappers.GenericWrappers.takeSnap(GenericWrappers.java:568)
	at utils.Reporter.reportStep(Reporter.java:20)
	at wrappers.GenericWrappers.takeSnap(GenericWrappers.java:568)
	at utils.Reporter.reportStep(Reporter.java:20)
	at wrappers.GenericWrappers.takeSnap(GenericWrappers.java:568)
	at utils.Reporter.reportStep(Reporter.java:20)
	at wrappers.GenericWrappers.takeSnap(GenericWrappers.java:568)
	at utils.Reporter.reportStep(Reporter.java:20)
	at wrappers.GenericWrappers.takeSnap(GenericWrappers.java:568)
	at utils.Reporter.reportStep(Reporter.java:20)
	at wrappers.GenericWrappers.takeSnap(GenericWrappers.java:568)
	at utils.Reporter.reportStep(Reporter.java:20)
	at wrappers.GenericWrappers.takeSnap(GenericWrappers.java:568)
	at utils.Reporter.reportStep(Reporter.java:20)
	at wrappers.GenericWrappers.takeSnap(GenericWrappers.java:568)
	at utils.Reporter.reportStep(Reporter.java:20)
	at wrappers.GenericWrappers.takeSnap(GenericWrappers.java:568)
	at utils.Reporter.reportStep(Reporter.java:20)
	at wrappers.GenericWrappers.takeSnap(GenericWrappers.java:568)
	at utils.Reporter.reportStep(Reporter.java:20)
	at wrappers.GenericWrappers.takeSnap(GenericWrappers.java:568)
	at utils.Reporter.reportStep(Reporter.java:20)
	at wrappers.GenericWrappers.takeSnap(GenericWrappers.java:568)
	at utils.Reporter.reportStep(Reporter.java:20)
	at wrappers.GenericWrappers.takeSnap(GenericWrappers.java:568)
	at utils.Reporter.reportStep(Reporter.java:20)
	at wrappers.GenericWrappers.takeSnap(GenericWrappers.java:568)
	at utils.Reporter.reportStep(Reporter.java:20)
	at wrappers.GenericWrappers.takeSnap(GenericWrappers.java:568)
	at utils.Reporter.reportStep(Reporter.java:20)
	at wrappers.GenericWrappers.takeSnap(GenericWrappers.java:568)
	at utils.Reporter.reportStep(Reporter.java:20)
	at wrappers.GenericWrappers.takeSnap(GenericWrappers.java:568)
	at utils.Reporter.reportStep(Reporter.java:20)
	at wrappers.GenericWrappers.takeSnap(GenericWrappers.java:568)
	at utils.Reporter.reportStep(Reporter.java:20)
	at wrappers.GenericWrappers.takeSnap(GenericWrappers.java:568)
	at utils.Reporter.reportStep(Reporter.java:20)
	at wrappers.GenericWrappers.takeSnap(GenericWrappers.java:568)
	at utils.Reporter.reportStep(Reporter.java:20)
	at wrappers.GenericWrappers.takeSnap(GenericWrappers.java:568)
	at utils.Reporter.reportStep(Reporter.java:20)
	at wrappers.GenericWrappers.takeSnap(GenericWrappers.java:568)
	at utils.Reporter.reportStep(Reporter.java:20)
	at wrappers.GenericWrappers.takeSnap(GenericWrappers.java:568)
	at utils.Reporter.reportStep(Reporter.java:20)
	at wrappers.GenericWrappers.takeSnap(GenericWrappers.java:568)
	at utils.Reporter.reportStep(Reporter.java:20)
	at wrappers.GenericWrappers.takeSnap(GenericWrappers.java:568)
	at utils.Reporter.reportStep(Reporter.java:20)
	at wrappers.GenericWrappers.takeSnap(GenericWrappers.java:568)
	at utils.Reporter.reportStep(Reporter.java:20)
	at wrappers.GenericWrappers.takeSnap(GenericWrappers.java:568)
	at utils.Reporter.reportStep(Reporter.java:20)
	at wrappers.GenericWrappers.takeSnap(GenericWrappers.java:568)
	at utils.Reporter.reportStep(Reporter.java:20)
	at wrappers.GenericWrappers.takeSnap(GenericWrappers.java:568)
	at utils.Reporter.reportStep(Reporter.java:20)
	at wrappers.GenericWrappers.takeSnap(GenericWrappers.java:568)
	at utils.Reporter.reportStep(Reporter.java:20)
	at wrappers.GenericWrappers.takeSnap(GenericWrappers.java:568)
	at utils.Reporter.reportStep(Reporter.java:20)
	at wrappers.GenericWrappers.takeSnap(GenericWrappers.java:568)
	at utils.Reporter.reportStep(Reporter.java:20)
	at wrappers.GenericWrappers.takeSnap(GenericWrappers.java:568)
	at utils.Reporter.reportStep(Reporter.java:20)
	at wrappers.GenericWrappers.takeSnap(GenericWrappers.java:568)
	at utils.Reporter.reportStep(Reporter.java:20)
	at wrappers.GenericWrappers.takeSnap(GenericWrappers.java:568)
	at utils.Reporter.reportStep(Reporter.java:20)
	at wrappers.GenericWrappers.takeSnap(GenericWrappers.java:568)
	at utils.Reporter.reportStep(Reporter.java:20)
	at wrappers.GenericWrappers.takeSnap(GenericWrappers.java:568)
	at utils.Reporter.reportStep(Reporter.java:20)
	at wrappers.GenericWrappers.takeSnap(GenericWrappers.java:568)
	at utils.Reporter.reportStep(Reporter.java:20)
	at wrappers.GenericWrappers.takeSnap(GenericWrappers.java:568)
	at utils.Reporter.reportStep(Reporter.java:20)
	at wrappers.GenericWrappers.takeSnap(GenericWrappers.java:568)
	at utils.Reporter.reportStep(Reporter.java:20)
	at wrappers.GenericWrappers.takeSnap(GenericWrappers.java:568)
	at utils.Reporter.reportStep(Reporter.java:20)
	at wrappers.GenericWrappers.takeSnap(GenericWrappers.java:568)
	at utils.Reporter.reportStep(Reporter.java:20)
	at wrappers.GenericWrappers.takeSnap(GenericWrappers.java:568)
	at utils.Reporter.reportStep(Reporter.java:20)
	at wrappers.GenericWrappers.takeSnap(GenericWrappers.java:568)
	at utils.Reporter.reportStep(Reporter.java:20)
	at wrappers.GenericWrappers.takeSnap(GenericWrappers.java:568)
	at utils.Reporter.reportStep(Reporter.java:20)
	at wrappers.GenericWrappers.takeSnap(GenericWrappers.java:568)
	at utils.Reporter.reportStep(Reporter.java:20)
	at wrappers.GenericWrappers.takeSnap(GenericWrappers.java:568)
	at utils.Reporter.reportStep(Reporter.java:20)
	at wrappers.GenericWrappers.takeSnap(GenericWrappers.java:568)
	at utils.Reporter.reportStep(Reporter.java:20)
	at wrappers.GenericWrappers.takeSnap(GenericWrappers.java:568)
	at utils.Reporter.reportStep(Reporter.java:20)
	at wrappers.GenericWrappers.takeSnap(GenericWrappers.java:568)
	at utils.Reporter.reportStep(Reporter.java:20)
	at wrappers.GenericWrappers.takeSnap(GenericWrappers.java:568)
	at utils.Reporter.reportStep(Reporter.java:20)
	at wrappers.GenericWrappers.takeSnap(GenericWrappers.java:568)
	at utils.Reporter.reportStep(Reporter.java:20)
	at wrappers.GenericWrappers.takeSnap(GenericWrappers.java:568)
	at utils.Reporter.reportStep(Reporter.java:20)
	at wrappers.GenericWrappers.takeSnap(GenericWrappers.java:568)
	at utils.Reporter.reportStep(Reporter.java:20)
	at wrappers.GenericWrappers.takeSnap(GenericWrappers.java:568)
	at utils.Reporter.reportStep(Reporter.java:20)
	at wrappers.GenericWrappers.takeSnap(GenericWrappers.java:568)
	at utils.Reporter.reportStep(Reporter.java:20)
	at wrappers.GenericWrappers.takeSnap(GenericWrappers.java:568)
	at utils.Reporter.reportStep(Reporter.java:20)
	at wrappers.GenericWrappers.takeSnap(GenericWrappers.java:568)
	at utils.Reporter.reportStep(Reporter.java:20)
	at wrappers.GenericWrappers.takeSnap(GenericWrappers.java:568)
	at utils.Reporter.reportStep(Reporter.java:20)
	at wrappers.GenericWrappers.takeSnap(GenericWrappers.java:568)
	at utils.Reporter.reportStep(Reporter.java:20)
	at wrappers.GenericWrappers.takeSnap(GenericWrappers.java:568)
	at utils.Reporter.reportStep(Reporter.java:20)
	at wrappers.GenericWrappers.takeSnap(GenericWrappers.java:568)
	at utils.Reporter.reportStep(Reporter.java:20)
	at wrappers.GenericWrappers.takeSnap(GenericWrappers.java:568)
	at utils.Reporter.reportStep(Reporter.java:20)
	at wrappers.GenericWrappers.takeSnap(GenericWrappers.java:568)
	at utils.Reporter.reportStep(Reporter.java:20)
	at wrappers.GenericWrappers.takeSnap(GenericWrappers.java:568)
	at utils.Reporter.reportStep(Reporter.java:20)
	at wrappers.GenericWrappers.takeSnap(GenericWrappers.java:568)
	at utils.Reporter.reportStep(Reporter.java:20)
	at wrappers.GenericWrappers.takeSnap(GenericWrappers.java:568)
	at utils.Reporter.reportStep(Reporter.java:20)
	at wrappers.GenericWrappers.takeSnap(GenericWrappers.java:568)
	at utils.Reporter.reportStep(Reporter.java:20)
	at wrappers.GenericWrappers.takeSnap(GenericWrappers.java:568)
	at utils.Reporter.reportStep(Reporter.java:20)
	at wrappers.GenericWrappers.takeSnap(GenericWrappers.java:568)
	at utils.Reporter.reportStep(Reporter.java:20)
	at wrappers.GenericWrappers.takeSnap(GenericWrappers.java:568)
	at utils.Reporter.reportStep(Reporter.java:20)
	at wrappers.GenericWrappers.takeSnap(GenericWrappers.java:568)
	at utils.Reporter.reportStep(Reporter.java:20)
	at wrappers.GenericWrappers.takeSnap(GenericWrappers.java:568)
	at utils.Reporter.reportStep(Reporter.java:20)
	at wrappers.GenericWrappers.takeSnap(GenericWrappers.java:568)
	at utils.Reporter.reportStep(Reporter.java:20)
	at wrappers.GenericWrappers.takeSnap(GenericWrappers.java:568)
	at utils.Reporter.reportStep(Reporter.java:20)
	at wrappers.GenericWrappers.takeSnap(GenericWrappers.java:568)
	at utils.Reporter.reportStep(Reporter.java:20)
	at wrappers.GenericWrappers.takeSnap(GenericWrappers.java:568)
	at utils.Reporter.reportStep(Reporter.java:20)
	at wrappers.GenericWrappers.takeSnap(GenericWrappers.java:568)
	at utils.Reporter.reportStep(Reporter.java:20)
	at wrappers.GenericWrappers.takeSnap(GenericWrappers.java:568)
	at utils.Reporter.reportStep(Reporter.java:20)
	at wrappers.GenericWrappers.takeSnap(GenericWrappers.java:568)
	at utils.Reporter.reportStep(Reporter.java:20)
	at wrappers.GenericWrappers.takeSnap(GenericWrappers.java:568)
	at utils.Reporter.reportStep(Reporter.java:20)
	at wrappers.GenericWrappers.takeSnap(GenericWrappers.java:568)
	at utils.Reporter.reportStep(Reporter.java:20)
	at wrappers.GenericWrappers.takeSnap(GenericWrappers.java:568)
	at utils.Reporter.reportStep(Reporter.java:20)
	at wrappers.GenericWrappers.takeSnap(GenericWrappers.java:568)
	at utils.Reporter.reportStep(Reporter.java:20)
	at wrappers.GenericWrappers.takeSnap(GenericWrappers.java:568)
	at utils.Reporter.reportStep(Reporter.java:20)
	at wrappers.GenericWrappers.takeSnap(GenericWrappers.java:568)
	at utils.Reporter.reportStep(Reporter.java:20)
	at wrappers.GenericWrappers.takeSnap(GenericWrappers.java:568)
	at utils.Reporter.reportStep(Reporter.java:20)
	at wrappers.GenericWrappers.takeSnap(GenericWrappers.java:568)
	at utils.Reporter.reportStep(Reporter.java:20)
	at wrappers.GenericWrappers.takeSnap(GenericWrappers.java:568)
	at utils.Reporter.reportStep(Reporter.java:20)
	at wrappers.GenericWrappers.takeSnap(GenericWrappers.java:568)
	at utils.Reporter.reportStep(Reporter.java:20)
	at wrappers.GenericWrappers.takeSnap(GenericWrappers.java:568)
	at utils.Reporter.reportStep(Reporter.java:20)
	at wrappers.GenericWrappers.takeSnap(GenericWrappers.java:568)
	at utils.Reporter.reportStep(Reporter.java:20)
	at wrappers.GenericWrappers.takeSnap(GenericWrappers.java:568)
	at utils.Reporter.reportStep(Reporter.java:20)
	at wrappers.GenericWrappers.takeSnap(GenericWrappers.java:568)
	at utils.Reporter.reportStep(Reporter.java:20)
	at wrappers.GenericWrappers.takeSnap(GenericWrappers.java:568)
	at utils.Reporter.reportStep(Reporter.java:20)
	at wrappers.GenericWrappers.takeSnap(GenericWrappers.java:568)
	at utils.Reporter.reportStep(Reporter.java:20)
	at wrappers.GenericWrappers.takeSnap(GenericWrappers.java:568)
	at utils.Reporter.reportStep(Reporter.java:20)
	at wrappers.GenericWrappers.takeSnap(GenericWrappers.java:568)
	at utils.Reporter.reportStep(Reporter.java:20)
	at wrappers.GenericWrappers.takeSnap(GenericWrappers.java:568)
	at utils.Reporter.reportStep(Reporter.java:20)
	at wrappers.GenericWrappers.takeSnap(GenericWrappers.java:568)
	at utils.Reporter.reportStep(Reporter.java:20)
	at wrappers.GenericWrappers.takeSnap(GenericWrappers.java:568)
	at utils.Reporter.reportStep(Reporter.java:20)
	at wrappers.GenericWrappers.takeSnap(GenericWrappers.java:568)
	at utils.Reporter.reportStep(Reporter.java:20)
	at wrappers.GenericWrappers.takeSnap(GenericWrappers.java:568)
	at utils.Reporter.reportStep(Reporter.java:20)
	at wrappers.GenericWrappers.takeSnap(GenericWrappers.java:568)
	at utils.Reporter.reportStep(Reporter.java:20)
	at wrappers.GenericWrappers.takeSnap(GenericWrappers.java:568)
	at utils.Reporter.reportStep(Reporter.java:20)
	at wrappers.GenericWrappers.takeSnap(GenericWrappers.java:568)
	at utils.Reporter.reportStep(Reporter.java:20)
	at wrappers.GenericWrappers.takeSnap(GenericWrappers.java:568)
	at utils.Reporter.reportStep(Reporter.java:20)
	at wrappers.GenericWrappers.takeSnap(GenericWrappers.java:568)
	at utils.Reporter.reportStep(Reporter.java:20)
	at wrappers.GenericWrappers.takeSnap(GenericWrappers.java:568)
	at utils.Reporter.reportStep(Reporter.java:20)
	at wrappers.GenericWrappers.takeSnap(GenericWrappers.java:568)
	at utils.Reporter.reportStep(Reporter.java:20)
	at wrappers.GenericWrappers.takeSnap(GenericWrappers.java:568)
	at utils.Reporter.reportStep(Reporter.java:20)
	at wrappers.GenericWrappers.takeSnap(GenericWrappers.java:568)
	at utils.Reporter.reportStep(Reporter.java:20)
	at wrappers.GenericWrappers.takeSnap(GenericWrappers.java:568)
	at utils.Reporter.reportStep(Reporter.java:20)
	at wrappers.GenericWrappers.takeSnap(GenericWrappers.java:568)
	at utils.Reporter.reportStep(Reporter.java:20)
	at wrappers.GenericWrappers.takeSnap(GenericWrappers.java:568)
	at utils.Reporter.reportStep(Reporter.java:20)
	at wrappers.GenericWrappers.takeSnap(GenericWrappers.java:568)
	at utils.Reporter.reportStep(Reporter.java:20)
	at wrappers.GenericWrappers.takeSnap(GenericWrappers.java:568)
	at utils.Reporter.reportStep(Reporter.java:20)
	at wrappers.GenericWrappers.takeSnap(GenericWrappers.java:568)
	at utils.Reporter.reportStep(Reporter.java:20)
	at wrappers.GenericWrappers.takeSnap(GenericWrappers.java:568)
	at utils.Reporter.reportStep(Reporter.java:20)
	at wrappers.GenericWrappers.takeSnap(GenericWrappers.java:568)
	at utils.Reporter.reportStep(Reporter.java:20)
	at wrappers.GenericWrappers.takeSnap(GenericWrappers.java:568)
	at utils.Reporter.reportStep(Reporter.java:20)
	at wrappers.GenericWrappers.takeSnap(GenericWrappers.java:568)
	at utils.Reporter.reportStep(Reporter.java:20)
	at wrappers.GenericWrappers.takeSnap(GenericWrappers.java:568)
	at utils.Reporter.reportStep(Reporter.java:20)
	at wrappers.GenericWrappers.takeSnap(GenericWrappers.java:568)
	at utils.Reporter.reportStep(Reporter.java:20)
	at wrappers.GenericWrappers.takeSnap(GenericWrappers.java:568)
	at utils.Reporter.reportStep(Reporter.java:20)
	at wrappers.GenericWrappers.takeSnap(GenericWrappers.java:568)
	at utils.Reporter.reportStep(Reporter.java:20)
	at wrappers.GenericWrappers.takeSnap(GenericWrappers.java:568)
	at utils.Reporter.reportStep(Reporter.java:20)
	at wrappers.GenericWrappers.takeSnap(GenericWrappers.java:568)
	at utils.Reporter.reportStep(Reporter.java:20)
	at wrappers.GenericWrappers.takeSnap(GenericWrappers.java:568)
	at utils.Reporter.reportStep(Reporter.java:20)
	at wrappers.GenericWrappers.takeSnap(GenericWrappers.java:568)
	at utils.Reporter.reportStep(Reporter.java:20)
	at wrappers.GenericWrappers.takeSnap(GenericWrappers.java:568)
	at utils.Reporter.reportStep(Reporter.java:20)
	at wrappers.GenericWrappers.takeSnap(GenericWrappers.java:568)
	at utils.Reporter.reportStep(Reporter.java:20)
	at wrappers.GenericWrappers.takeSnap(GenericWrappers.java:568)
	at utils.Reporter.reportStep(Reporter.java:20)
	at wrappers.GenericWrappers.takeSnap(GenericWrappers.java:568)
	at utils.Reporter.reportStep(Reporter.java:20)
	at wrappers.GenericWrappers.takeSnap(GenericWrappers.java:568)
	at utils.Reporter.reportStep(Reporter.java:20)
	at wrappers.GenericWrappers.takeSnap(GenericWrappers.java:568)
	at utils.Reporter.reportStep(Reporter.java:20)
	at wrappers.GenericWrappers.takeSnap(GenericWrappers.java:568)
	at utils.Reporter.reportStep(Reporter.java:20)
	at wrappers.GenericWrappers.takeSnap(GenericWrappers.java:568)
	at utils.Reporter.reportStep(Reporter.java:20)
	at wrappers.GenericWrappers.takeSnap(GenericWrappers.java:568)
	at utils.Reporter.reportStep(Reporter.java:20)
	at wrappers.GenericWrappers.takeSnap(GenericWrappers.java:568)
	at utils.Reporter.reportStep(Reporter.java:20)
	at wrappers.GenericWrappers.takeSnap(GenericWrappers.java:568)
	at utils.Reporter.reportStep(Reporter.java:20)
	at wrappers.GenericWrappers.takeSnap(GenericWrappers.java:568)
	at utils.Reporter.reportStep(Reporter.java:20)
	at wrappers.GenericWrappers.takeSnap(GenericWrappers.java:568)
	at utils.Reporter.reportStep(Reporter.java:20)
	at wrappers.GenericWrappers.takeSnap(GenericWrappers.java:568)
	at utils.Reporter.reportStep(Reporter.java:20)
	at wrappers.GenericWrappers.takeSnap(GenericWrappers.java:568)
	at utils.Reporter.reportStep(Reporter.java:20)
	at wrappers.GenericWrappers.takeSnap(GenericWrappers.java:568)
	at utils.Reporter.reportStep(Reporter.java:20)
	at wrappers.GenericWrappers.takeSnap(GenericWrappers.java:568)
	at utils.Reporter.reportStep(Reporter.java:20)
	at wrappers.GenericWrappers.takeSnap(GenericWrappers.java:568)
	at utils.Reporter.reportStep(Reporter.java:20)
	at wrappers.GenericWrappers.takeSnap(GenericWrappers.java:568)
	at utils.Reporter.reportStep(Reporter.java:20)
	at wrappers.GenericWrappers.takeSnap(GenericWrappers.java:568)
	at utils.Reporter.reportStep(Reporter.java:20)
	at wrappers.GenericWrappers.takeSnap(GenericWrappers.java:568)
	at utils.Reporter.reportStep(Reporter.java:20)
	at wrappers.GenericWrappers.takeSnap(GenericWrappers.java:568)
	at utils.Reporter.reportStep(Reporter.java:20)
	at wrappers.GenericWrappers.takeSnap(GenericWrappers.java:568)
	at utils.Reporter.reportStep(Reporter.java:20)
	at wrappers.GenericWrappers.takeSnap(GenericWrappers.java:568)
	at utils.Reporter.reportStep(Reporter.java:20)
	at wrappers.GenericWrappers.takeSnap(GenericWrappers.java:568)
	at utils.Reporter.reportStep(Reporter.java:20)
	at wrappers.GenericWrappers.takeSnap(GenericWrappers.java:568)
	at utils.Reporter.reportStep(Reporter.java:20)
	at wrappers.GenericWrappers.takeSnap(GenericWrappers.java:568)
	at utils.Reporter.reportStep(Reporter.java:20)
	at wrappers.GenericWrappers.takeSnap(GenericWrappers.java:568)
	at utils.Reporter.reportStep(Reporter.java:20)
	at wrappers.GenericWrappers.takeSnap(GenericWrappers.java:568)
	at utils.Reporter.reportStep(Reporter.java:20)
	at wrappers.GenericWrappers.takeSnap(GenericWrappers.java:568)
	at utils.Reporter.reportStep(Reporter.java:20)
	at wrappers.GenericWrappers.takeSnap(GenericWrappers.java:568)
	at utils.Reporter.reportStep(Reporter.java:20)
	at wrappers.GenericWrappers.takeSnap(GenericWrappers.java:568)
	at utils.Reporter.reportStep(Reporter.java:20)
	at wrappers.GenericWrappers.takeSnap(GenericWrappers.java:568)
	at utils.Reporter.reportStep(Reporter.java:20)
	at wrappers.GenericWrappers.takeSnap(GenericWrappers.java:568)
	at utils.Reporter.reportStep(Reporter.java:20)
	at wrappers.GenericWrappers.takeSnap(GenericWrappers.java:568)
	at utils.Reporter.reportStep(Reporter.java:20)
	at wrappers.GenericWrappers.takeSnap(GenericWrappers.java:568)
	at utils.Reporter.reportStep(Reporter.java:20)
	at wrappers.GenericWrappers.takeSnap(GenericWrappers.java:568)
	at utils.Reporter.reportStep(Reporter.java:20)
	at wrappers.GenericWrappers.takeSnap(GenericWrappers.java:568)
	at utils.Reporter.reportStep(Reporter.java:20)
	at wrappers.GenericWrappers.takeSnap(GenericWrappers.java:568)
	at utils.Reporter.reportStep(Reporter.java:20)
	at wrappers.GenericWrappers.takeSnap(GenericWrappers.java:568)
	at utils.Reporter.reportStep(Reporter.java:20)
	at wrappers.GenericWrappers.takeSnap(GenericWrappers.java:568)
	at utils.Reporter.reportStep(Reporter.java:20)
	at wrappers.GenericWrappers.takeSnap(GenericWrappers.java:568)
	at utils.Reporter.reportStep(Reporter.java:20)
	at wrappers.GenericWrappers.takeSnap(GenericWrappers.java:568)
	at utils.Reporter.reportStep(Reporter.java:20)
	at wrappers.GenericWrappers.takeSnap(GenericWrappers.java:568)
	at utils.Reporter.reportStep(Reporter.java:20)
	at wrappers.GenericWrappers.takeSnap(GenericWrappers.java:568)
	at utils.Reporter.reportStep(Reporter.java:20)
	at wrappers.GenericWrappers.takeSnap(GenericWrappers.java:568)
	at utils.Reporter.reportStep(Reporter.java:20)
	at wrappers.GenericWrappers.takeSnap(GenericWrappers.java:568)
	at utils.Reporter.reportStep(Reporter.java:20)
	at wrappers.GenericWrappers.takeSnap(GenericWrappers.java:568)
	at utils.Reporter.reportStep(Reporter.java:20)
	at wrappers.GenericWrappers.takeSnap(GenericWrappers.java:568)
	at utils.Reporter.reportStep(Reporter.java:20)
	at wrappers.GenericWrappers.takeSnap(GenericWrappers.java:568)
	at utils.Reporter.reportStep(Reporter.java:20)
	at wrappers.GenericWrappers.takeSnap(GenericWrappers.java:568)
	at utils.Reporter.reportStep(Reporter.java:20)
	at wrappers.GenericWrappers.takeSnap(GenericWrappers.java:568)
	at utils.Reporter.reportStep(Reporter.java:20)
	at wrappers.GenericWrappers.takeSnap(GenericWrappers.java:568)
	at utils.Reporter.reportStep(Reporter.java:20)
	at wrappers.GenericWrappers.takeSnap(GenericWrappers.java:568)
	at utils.Reporter.reportStep(Reporter.java:20)
	at wrappers.GenericWrappers.takeSnap(GenericWrappers.java:568)
	at utils.Reporter.reportStep(Reporter.java:20)
	at wrappers.GenericWrappers.takeSnap(GenericWrappers.java:568)
	at utils.Reporter.reportStep(Reporter.java:20)
	at wrappers.GenericWrappers.takeSnap(GenericWrappers.java:568)
	at utils.Reporter.reportStep(Reporter.java:20)
	at wrappers.GenericWrappers.takeSnap(GenericWrappers.java:568)
	at utils.Reporter.reportStep(Reporter.java:20)
	at wrappers.GenericWrappers.takeSnap(GenericWrappers.java:568)
	at utils.Reporter.reportStep(Reporter.java:20)
	at wrappers.GenericWrappers.takeSnap(GenericWrappers.java:568)
	at utils.Reporter.reportStep(Reporter.java:20)
	at wrappers.GenericWrappers.takeSnap(GenericWrappers.java:568)
	at utils.Reporter.reportStep(Reporter.java:20)
	at wrappers.GenericWrappers.takeSnap(GenericWrappers.java:568)
	at utils.Reporter.reportStep(Reporter.java:20)
	at wrappers.GenericWrappers.takeSnap(GenericWrappers.java:568)
	at utils.Reporter.reportStep(Reporter.java:20)
	at wrappers.GenericWrappers.takeSnap(GenericWrappers.java:568)
	at utils.Reporter.reportStep(Reporter.java:20)
	at wrappers.GenericWrappers.takeSnap(GenericWrappers.java:568)
	at utils.Reporter.reportStep(Reporter.java:20)
	at wrappers.GenericWrappers.takeSnap(GenericWrappers.java:568)
	at utils.Reporter.reportStep(Reporter.java:20)
	at wrappers.GenericWrappers.takeSnap(GenericWrappers.java:568)
	at utils.Reporter.reportStep(Reporter.java:20)
	at wrappers.GenericWrappers.takeSnap(GenericWrappers.java:568)
	at utils.Reporter.reportStep(Reporter.java:20)
	at wrappers.GenericWrappers.takeSnap(GenericWrappers.java:568)
	at utils.Reporter.reportStep(Reporter.java:20)
	at wrappers.GenericWrappers.takeSnap(GenericWrappers.java:568)
	at utils.Reporter.reportStep(Reporter.java:20)
	at wrappers.GenericWrappers.takeSnap(GenericWrappers.java:568)
	at utils.Reporter.reportStep(Reporter.java:20)
	at wrappers.GenericWrappers.takeSnap(GenericWrappers.java:568)
	at utils.Reporter.reportStep(Reporter.java:20)
	at wrappers.GenericWrappers.takeSnap(GenericWrappers.java:568)
	at utils.Reporter.reportStep(Reporter.java:20)
	at wrappers.GenericWrappers.takeSnap(GenericWrappers.java:568)
	at utils.Reporter.reportStep(Reporter.java:20)
	at wrappers.GenericWrappers.takeSnap(GenericWrappers.java:568)
	at utils.Reporter.reportStep(Reporter.java:20)
	at wrappers.GenericWrappers.takeSnap(GenericWrappers.java:568)
	at utils.Reporter.reportStep(Reporter.java:20)
	at wrappers.GenericWrappers.takeSnap(GenericWrappers.java:568)
	at utils.Reporter.reportStep(Reporter.java:20)
	at wrappers.GenericWrappers.takeSnap(GenericWrappers.java:568)
	at utils.Reporter.reportStep(Reporter.java:20)
	at wrappers.GenericWrappers.takeSnap(GenericWrappers.java:568)
	at utils.Reporter.reportStep(Reporter.java:20)
	at wrappers.GenericWrappers.takeSnap(GenericWrappers.java:568)
	at utils.Reporter.reportStep(Reporter.java:20)
	at wrappers.GenericWrappers.takeSnap(GenericWrappers.java:568)
	at utils.Reporter.reportStep(Reporter.java:20)
	at wrappers.GenericWrappers.takeSnap(GenericWrappers.java:568)
	at utils.Reporter.reportStep(Reporter.java:20)
	at wrappers.GenericWrappers.takeSnap(GenericWrappers.java:568)
	at utils.Reporter.reportStep(Reporter.java:20)
	at wrappers.GenericWrappers.takeSnap(GenericWrappers.java:568)
	at utils.Reporter.reportStep(Reporter.java:20)
	at wrappers.GenericWrappers.takeSnap(GenericWrappers.java:568)
	at utils.Reporter.reportStep(Reporter.java:20)
	at wrappers.GenericWrappers.takeSnap(GenericWrappers.java:568)
	at utils.Reporter.reportStep(Reporter.java:20)
	at wrappers.GenericWrappers.takeSnap(GenericWrappers.java:568)
	at utils.Reporter.reportStep(Reporter.java:20)
	at wrappers.GenericWrappers.takeSnap(GenericWrappers.java:568)
	at utils.Reporter.reportStep(Reporter.java:20)
	at wrappers.GenericWrappers.takeSnap(GenericWrappers.java:568)
	at utils.Reporter.reportStep(Reporter.java:20)
	at wrappers.GenericWrappers.takeSnap(GenericWrappers.java:568)
	at utils.Reporter.reportStep(Reporter.java:20)
	at wrappers.GenericWrappers.takeSnap(GenericWrappers.java:568)
	at utils.Reporter.reportStep(Reporter.java:20)
	at wrappers.GenericWrappers.takeSnap(GenericWrappers.java:568)
	at utils.Reporter.reportStep(Reporter.java:20)
	at wrappers.GenericWrappers.takeSnap(GenericWrappers.java:568)
	at utils.Reporter.reportStep(Reporter.java:20)
	at wrappers.GenericWrappers.takeSnap(GenericWrappers.java:568)
	at utils.Reporter.reportStep(Reporter.java:20)
	at wrappers.GenericWrappers.takeSnap(GenericWrappers.java:568)
	at utils.Reporter.reportStep(Reporter.java:20)
	at wrappers.GenericWrappers.takeSnap(GenericWrappers.java:568)
	at utils.Reporter.reportStep(Reporter.java:20)
	at wrappers.GenericWrappers.takeSnap(GenericWrappers.java:568)
	at utils.Reporter.reportStep(Reporter.java:20)
	at wrappers.GenericWrappers.takeSnap(GenericWrappers.java:568)
	at utils.Reporter.reportStep(Reporter.java:20)
	at wrappers.GenericWrappers.takeSnap(GenericWrappers.java:568)
	at utils.Reporter.reportStep(Reporter.java:20)
	at wrappers.GenericWrappers.takeSnap(GenericWrappers.java:568)
	at utils.Reporter.reportStep(Reporter.java:20)
	at wrappers.GenericWrappers.takeSnap(GenericWrappers.java:568)
	at utils.Reporter.reportStep(Reporter.java:20)
	at wrappers.GenericWrappers.takeSnap(GenericWrappers.java:568)
	at utils.Reporter.reportStep(Reporter.java:20)
	at wrappers.GenericWrappers.takeSnap(GenericWrappers.java:568)
	at utils.Reporter.reportStep(Reporter.java:20)
	at wrappers.GenericWrappers.takeSnap(GenericWrappers.java:568)
	at utils.Reporter.reportStep(Reporter.java:20)
	at wrappers.GenericWrappers.takeSnap(GenericWrappers.java:568)
	at utils.Reporter.reportStep(Reporter.java:20)
	at wrappers.GenericWrappers.takeSnap(GenericWrappers.java:568)
	at utils.Reporter.reportStep(Reporter.java:20)
	at wrappers.GenericWrappers.takeSnap(GenericWrappers.java:568)
	at utils.Reporter.reportStep(Reporter.java:20)
	at wrappers.GenericWrappers.takeSnap(GenericWrappers.java:568)
	at utils.Reporter.reportStep(Reporter.java:20)
	at wrappers.GenericWrappers.takeSnap(GenericWrappers.java:568)
	at utils.Reporter.reportStep(Reporter.java:20)
	at wrappers.GenericWrappers.takeSnap(GenericWrappers.java:568)
	at utils.Reporter.reportStep(Reporter.java:20)
	at wrappers.GenericWrappers.takeSnap(GenericWrappers.java:568)
	at utils.Reporter.reportStep(Reporter.java:20)
	at wrappers.GenericWrappers.takeSnap(GenericWrappers.java:568)
	at utils.Reporter.reportStep(Reporter.java:20)
	at wrappers.GenericWrappers.takeSnap(GenericWrappers.java:568)
	at utils.Reporter.reportStep(Reporter.java:20)
	at wrappers.GenericWrappers.takeSnap(GenericWrappers.java:568)
	at utils.Reporter.reportStep(Reporter.java:20)
	at wrappers.GenericWrappers.takeSnap(GenericWrappers.java:568)
	at utils.Reporter.reportStep(Reporter.java:20)
	at wrappers.GenericWrappers.takeSnap(GenericWrappers.java:568)
	at utils.Reporter.reportStep(Reporter.java:20)
	at wrappers.GenericWrappers.takeSnap(GenericWrappers.java:568)
	at utils.Reporter.reportStep(Reporter.java:20)
	at wrappers.GenericWrappers.takeSnap(GenericWrappers.java:568)
	at utils.Reporter.reportStep(Reporter.java:20)
	at wrappers.GenericWrappers.takeSnap(GenericWrappers.java:568)
	at utils.Reporter.reportStep(Reporter.java:20)
	at wrappers.GenericWrappers.takeSnap(GenericWrappers.java:568)
	at utils.Reporter.reportStep(Reporter.java:20)
	at wrappers.GenericWrappers.takeSnap(GenericWrappers.java:568)
	at utils.Reporter.reportStep(Reporter.java:20)
	at wrappers.GenericWrappers.takeSnap(GenericWrappers.java:568)
	at utils.Reporter.reportStep(Reporter.java:20)
	at wrappers.GenericWrappers.takeSnap(GenericWrappers.java:568)
	at utils.Reporter.reportStep(Reporter.java:20)
	at wrappers.GenericWrappers.takeSnap(GenericWrappers.java:568)
	at utils.Reporter.reportStep(Reporter.java:20)
	at wrappers.GenericWrappers.takeSnap(GenericWrappers.java:568)
	at utils.Reporter.reportStep(Reporter.java:20)
	at wrappers.GenericWrappers.takeSnap(GenericWrappers.java:568)
	at utils.Reporter.reportStep(Reporter.java:20)
	at wrappers.GenericWrappers.takeSnap(GenericWrappers.java:568)
	at utils.Reporter.reportStep(Reporter.java:20)
	at wrappers.GenericWrappers.takeSnap(GenericWrappers.java:568)
	at utils.Reporter.reportStep(Reporter.java:20)
	at wrappers.GenericWrappers.takeSnap(GenericWrappers.java:568)
	at utils.Reporter.reportStep(Reporter.java:20)
	at wrappers.GenericWrappers.takeSnap(GenericWrappers.java:568)
	at utils.Reporter.reportStep(Reporter.java:20)
	at wrappers.GenericWrappers.takeSnap(GenericWrappers.java:568)
	at utils.Reporter.reportStep(Reporter.java:20)
	at wrappers.GenericWrappers.takeSnap(GenericWrappers.java:568)
	at utils.Reporter.reportStep(Reporter.java:20)
	at wrappers.GenericWrappers.takeSnap(GenericWrappers.java:568)
	at utils.Reporter.reportStep(Reporter.java:20)
	at wrappers.GenericWrappers.takeSnap(GenericWrappers.java:568)
	at utils.Reporter.reportStep(Reporter.java:20)
	at wrappers.GenericWrappers.takeSnap(GenericWrappers.java:568)
	at utils.Reporter.reportStep(Reporter.java:20)
	at wrappers.GenericWrappers.takeSnap(GenericWrappers.java:568)
	at utils.Reporter.reportStep(Reporter.java:20)
	at wrappers.GenericWrappers.takeSnap(GenericWrappers.java:568)
	at utils.Reporter.reportStep(Reporter.java:20)
	at wrappers.GenericWrappers.takeSnap(GenericWrappers.java:568)
	at utils.Reporter.reportStep(Reporter.java:20)
	at wrappers.GenericWrappers.takeSnap(GenericWrappers.java:568)
	at utils.Reporter.reportStep(Reporter.java:20)
	at wrappers.GenericWrappers.takeSnap(GenericWrappers.java:568)
	at utils.Reporter.reportStep(Reporter.java:20)
	at wrappers.GenericWrappers.takeSnap(GenericWrappers.java:568)
	at utils.Reporter.reportStep(Reporter.java:20)
	at wrappers.GenericWrappers.takeSnap(GenericWrappers.java:568)
	at utils.Reporter.reportStep(Reporter.java:20)
	at wrappers.GenericWrappers.takeSnap(GenericWrappers.java:568)
	at utils.Reporter.reportStep(Reporter.java:20)
	at wrappers.GenericWrappers.takeSnap(GenericWrappers.java:568)
	at utils.Reporter.reportStep(Reporter.java:20)
	at wrappers.GenericWrappers.takeSnap(GenericWrappers.java:568)
	at utils.Reporter.reportStep(Reporter.java:20)
	at wrappers.GenericWrappers.takeSnap(GenericWrappers.java:568)
	at utils.Reporter.reportStep(Reporter.java:20)
	at wrappers.GenericWrappers.takeSnap(GenericWrappers.java:568)
	at utils.Reporter.reportStep(Reporter.java:20)
	at wrappers.GenericWrappers.takeSnap(GenericWrappers.java:568)
	at utils.Reporter.reportStep(Reporter.java:20)
	at wrappers.GenericWrappers.takeSnap(GenericWrappers.java:568)
	at utils.Reporter.reportStep(Reporter.java:20)
	at wrappers.GenericWrappers.takeSnap(GenericWrappers.java:568)
	at utils.Reporter.reportStep(Reporter.java:20)
	at wrappers.GenericWrappers.takeSnap(GenericWrappers.java:568)
	at utils.Reporter.reportStep(Reporter.java:20)
	at wrappers.GenericWrappers.takeSnap(GenericWrappers.java:568)
	at utils.Reporter.reportStep(Reporter.java:20)
	at wrappers.GenericWrappers.takeSnap(GenericWrappers.java:568)
	at utils.Reporter.reportStep(Reporter.java:20)
	at wrappers.GenericWrappers.takeSnap(GenericWrappers.java:568)
	at utils.Reporter.reportStep(Reporter.java:20)
	at wrappers.GenericWrappers.takeSnap(GenericWrappers.java:568)
	at utils.Reporter.reportStep(Reporter.java:20)
	at wrappers.GenericWrappers.takeSnap(GenericWrappers.java:568)
	at utils.Reporter.reportStep(Reporter.java:20)
]]>
    </failure>
  </testcase> <!-- mf360Login -->
</testsuite> <!-- testCases.TC001_Mf360Login -->
