<?xml version="1.0" encoding="UTF-8"?>
<!-- Generated by org.testng.reporters.JUnitReportReporter -->
<testsuite hostname="saranyass" name="testCases.TC002_CentralInwardProcess_ViewPackage" tests="1" failures="0" timestamp="16 Oct 2020 05:59:36 GMT" time="90.108" errors="0">
  <testcase name="Login" time="90.108" classname="testCases.TC002_CentralInwardProcess_ViewPackage"/>
</testsuite> <!-- testCases.TC002_CentralInwardProcess_ViewPackage -->
