<?xml version="1.0" encoding="UTF-8"?>
<!-- Generated by org.testng.reporters.JUnitReportReporter -->
<testsuite hostname="saranyass" name="testCases.TC001_BugFileDownlaod" tests="1" failures="0" timestamp="4 Dec 2020 09:11:55 GMT" time="722.667" errors="0">
  <testcase name="BugFileDownlaod" time="722.667" classname="testCases.TC001_BugFileDownlaod"/>
</testsuite> <!-- testCases.TC001_BugFileDownlaod -->
