<?xml version="1.0" encoding="UTF-8"?>
<!-- Generated by org.testng.reporters.JUnitReportReporter -->
<testsuite hostname="saranyass" name="testCases.TC006_Eflow_NewTask" tests="1" failures="0" timestamp="18 Sep 2020 13:31:15 GMT" time="61.177" errors="0">
  <testcase name="Login" time="61.177" classname="testCases.TC006_Eflow_NewTask"/>
</testsuite> <!-- testCases.TC006_Eflow_NewTask -->
