<?xml version="1.0" encoding="UTF-8"?>
<!-- Generated by org.testng.reporters.JUnitReportReporter -->
<testsuite hostname="saranyass" name="testCases.TC003_CentralInwardProcess_DiscardPackage" tests="1" failures="0" timestamp="16 Oct 2020 06:05:18 GMT" time="111.381" errors="0">
  <testcase name="Login" time="111.381" classname="testCases.TC003_CentralInwardProcess_DiscardPackage"/>
</testsuite> <!-- testCases.TC003_CentralInwardProcess_DiscardPackage -->
