<?xml version="1.0" encoding="UTF-8"?>
<!-- Generated by org.testng.reporters.JUnitReportReporter -->
<testsuite hostname="saranyass" name="testCases.TC009_CS_InvestorEnquiry" tests="1" failures="0" timestamp="6 Nov 2020 07:48:24 GMT" time="80.979" errors="0">
  <testcase name="Login" time="80.979" classname="testCases.TC009_CS_InvestorEnquiry"/>
</testsuite> <!-- testCases.TC009_CS_InvestorEnquiry -->
