<?xml version="1.0" encoding="UTF-8"?>
<!-- Generated by org.testng.reporters.JUnitReportReporter -->
<testsuite hostname="saranyass" name="testCases.TC001_CRFileDownlaod" tests="1" failures="0" timestamp="12 Nov 2020 15:40:23 GMT" time="190.502" errors="0">
  <testcase name="CRFileDownlaod" time="190.502" classname="testCases.TC001_CRFileDownlaod"/>
</testsuite> <!-- testCases.TC001_CRFileDownlaod -->
