<?xml version="1.0" encoding="UTF-8"?>
<!-- Generated by org.testng.reporters.JUnitReportReporter -->
<testsuite hostname="saranyass" name="testCases.TC001_BugCRFileDownlaod" tests="1" failures="0" timestamp="4 Dec 2020 11:13:11 GMT" time="53.762" errors="0">
  <testcase name="fileDownlaodIssueType" time="53.762" classname="testCases.TC001_BugCRFileDownlaod"/>
</testsuite> <!-- testCases.TC001_BugCRFileDownlaod -->
